<?xml version="1.0" encoding="UTF-8"?>
<testng-results skipped="0" failed="0" ignored="0" total="1" passed="1">
  <reporter-output>
  </reporter-output>
  <suite name="Suite" duration-ms="26310" started-at="2019-08-03T08:01:51Z" finished-at="2019-08-03T08:02:17Z">
    <groups>
    </groups>
    <test name="Android" duration-ms="26310" started-at="2019-08-03T08:01:51Z" finished-at="2019-08-03T08:02:17Z">
      <class name="com.mobile.runners.Scenario1_MiddleWare_Parent_Category_Verification">
        <test-method status="PASS" signature="deviceSetUp(java.lang.String, java.lang.String, java.lang.String)[pri:0, instance:com.mobile.runners.Scenario1_MiddleWare_Parent_Category_Verification@23d2a7e8]" name="deviceSetUp" is-config="true" duration-ms="17145" started-at="2019-08-03T08:01:51Z" finished-at="2019-08-03T08:02:08Z">
          <params>
            <param index="0">
              <value>
                <![CDATA[Samsung S9]]>
              </value>
            </param>
            <param index="1">
              <value>
                <![CDATA[42003a0fd3148479]]>
              </value>
            </param>
            <param index="2">
              <value>
                <![CDATA[9.0]]>
              </value>
            </param>
          </params>
          <reporter-output>
          </reporter-output>
        </test-method> <!-- deviceSetUp -->
        <test-method status="PASS" signature="runCuke()[pri:0, instance:com.mobile.runners.Scenario1_MiddleWare_Parent_Category_Verification@23d2a7e8]" name="runCuke" duration-ms="9148" started-at="2019-08-03T08:02:08Z" finished-at="2019-08-03T08:02:17Z">
          <reporter-output>
          </reporter-output>
        </test-method> <!-- runCuke -->
        <test-method status="PASS" signature="quitDriver()[pri:0, instance:com.mobile.runners.Scenario1_MiddleWare_Parent_Category_Verification@23d2a7e8]" name="quitDriver" is-config="true" duration-ms="0" started-at="2019-08-03T08:02:17Z" finished-at="2019-08-03T08:02:17Z">
          <reporter-output>
          </reporter-output>
        </test-method> <!-- quitDriver -->
      </class> <!-- com.mobile.runners.Scenario1_MiddleWare_Parent_Category_Verification -->
    </test> <!-- Android -->
  </suite> <!-- Suite -->
</testng-results>
