<?xml version="1.0" encoding="UTF-8"?>
<!-- Generated by org.testng.reporters.JUnitXMLReporter -->
<testsuite hostname="IT301222" ignored="0" name="Android" tests="1" failures="1" timestamp="29 Jul 2019 21:05:41 GMT" time="449.657" errors="0">
  <testcase name="@AfterClass quitDriver" time="0.012" classname="com.mobile.runners.Scenario1_MiddleWare_Parent_Category_Verification">
    <failure type="org.openqa.selenium.NoSuchSessionException" message="A session is either terminated or not started
Build info: version: &amp;apos;3.141.59&amp;apos;, revision: &amp;apos;e82be7d358&amp;apos;, time: &amp;apos;2018-11-14T08:17:03&amp;apos;
System info: host: &amp;apos;IT301222&amp;apos;, ip: &amp;apos;10.1.209.23&amp;apos;, os.name: &amp;apos;Windows 10&amp;apos;, os.arch: &amp;apos;amd64&amp;apos;, os.version: &amp;apos;10.0&amp;apos;, java.version: &amp;apos;1.8.0_211&amp;apos;
Driver info: io.appium.java_client.AppiumDriver
Capabilities {appActivity: nz.co.noelleeming.mynlapp.M..., appPackage: nz.co.noelleeming.mynlapp.qat, databaseEnabled: false, desired: {appActivity: nz.co.noelleeming.mynlapp.M..., appPackage: nz.co.noelleeming.mynlapp.qat, deviceName: Samsung S9, platformName: android, platformVersion: 9.0, udid: 22add29822017ece}, deviceManufacturer: samsung, deviceModel: SM-G965F, deviceName: 22add29822017ece, deviceScreenSize: 1440x2960, deviceUDID: 22add29822017ece, javascriptEnabled: true, locationContextEnabled: false, networkConnectionEnabled: true, platform: LINUX, platformName: LINUX, platformVersion: 9, takesScreenshot: true, udid: 22add29822017ece, warnings: {}, webStorageEnabled: false}
Session ID: 82981199-269c-4a89-b11a-9fa8450012a0">
      <![CDATA[org.openqa.selenium.NoSuchSessionException: A session is either terminated or not started
Build info: version: '3.141.59', revision: 'e82be7d358', time: '2018-11-14T08:17:03'
System info: host: 'IT301222', ip: '10.1.209.23', os.name: 'Windows 10', os.arch: 'amd64', os.version: '10.0', java.version: '1.8.0_211'
Driver info: io.appium.java_client.AppiumDriver
Capabilities {appActivity: nz.co.noelleeming.mynlapp.M..., appPackage: nz.co.noelleeming.mynlapp.qat, databaseEnabled: false, desired: {appActivity: nz.co.noelleeming.mynlapp.M..., appPackage: nz.co.noelleeming.mynlapp.qat, deviceName: Samsung S9, platformName: android, platformVersion: 9.0, udid: 22add29822017ece}, deviceManufacturer: samsung, deviceModel: SM-G965F, deviceName: 22add29822017ece, deviceScreenSize: 1440x2960, deviceUDID: 22add29822017ece, javascriptEnabled: true, locationContextEnabled: false, networkConnectionEnabled: true, platform: LINUX, platformName: LINUX, platformVersion: 9, takesScreenshot: true, udid: 22add29822017ece, warnings: {}, webStorageEnabled: false}
Session ID: 82981199-269c-4a89-b11a-9fa8450012a0
at org.openqa.selenium.remote.http.W3CHttpResponseCodec.createException(W3CHttpResponseCodec.java:187)
at org.openqa.selenium.remote.http.W3CHttpResponseCodec.decode(W3CHttpResponseCodec.java:122)
at org.openqa.selenium.remote.http.W3CHttpResponseCodec.decode(W3CHttpResponseCodec.java:49)
at org.openqa.selenium.remote.HttpCommandExecutor.execute(HttpCommandExecutor.java:158)
at io.appium.java_client.remote.AppiumCommandExecutor.execute(AppiumCommandExecutor.java:239)
at org.openqa.selenium.remote.RemoteWebDriver.execute(RemoteWebDriver.java:552)
at io.appium.java_client.DefaultGenericMobileDriver.execute(DefaultGenericMobileDriver.java:46)
at io.appium.java_client.AppiumDriver.execute(AppiumDriver.java:1)
at org.openqa.selenium.remote.RemoteWebDriver.quit(RemoteWebDriver.java:452)
at com.mobile.runners.Scenario1_MiddleWare_Parent_Category_Verification.quitDriver(Scenario1_MiddleWare_Parent_Category_Verification.java:38)
... Removed 30 stack frames]]>
    </failure>
  </testcase> <!-- @AfterClass quitDriver -->
  <testcase name="runCuke" time="432.771" classname="com.mobile.runners.Scenario1_MiddleWare_Parent_Category_Verification">
    <failure type="cucumber.runtime.CucumberException" message="java.lang.NullPointerException">
      <![CDATA[cucumber.runtime.CucumberException: java.lang.NullPointerException
at cucumber.api.testng.TestNGCucumberRunner.runCukes(TestNGCucumberRunner.java:57)
at com.mobile.runners.Scenario1_MiddleWare_Parent_Category_Verification.runCuke(Scenario1_MiddleWare_Parent_Category_Verification.java:30)
Caused by: java.lang.NullPointerException
at com.nlapp.api.TC_01_MiddleWare_Parent_Category_Verification.all_categories_on_Product_tab_is_fetched(TC_01_MiddleWare_Parent_Category_Verification.java:146)
at ✽.Then all categories on Product tab is fetched(src/test/resources/features/Scenario1_MiddleWare_Parent_Category_Verification.feature:12)
... Removed 25 stack frames]]>
    </failure>
  </testcase> <!-- runCuke -->
</testsuite> <!-- Android -->
